
===== tests\test1.runtime-error.art =====

[1;31m>> Runtime |[0m [1;90mFile: [0m[0;90mtest1.runtime-error.art
[1;31m     error |[0m [1;90mLine: [0m[0;90m299[0m
           [1;31m|[0m 
           [1;31m|[0m package not found:
           [1;31m|[0m [1mcode[0m


===== Statistics =====

âï¸    TOTAL: 0 assertions
âœ…  PASSED: 0 assertions
â© SKIPPED: 0 assertions
âŒ  FAILED: 0 assertions

===== ========== =====


===== tests\test1.assertion-error.art =====

[0;33mâœ… - assert that I must pass[0m 
     assertion: true

[0;33mâœ… - assert that I must pass too[0m 
     assertion: true

[0;33mâœ… - assert that I must pass too[0m 
     assertion: true

[0;33mâŒ - assert that I must break the test[0m 
     assertion: false

[0;33mâŒ - assert that will fail[0m 
     assertion: false



===== Statistics =====

âï¸    TOTAL: 5 assertions
âœ…  PASSED: 3 assertions
â© SKIPPED: 0 assertions
âŒ  FAILED: 2 assertions

===== ========== =====

